Started GET "/" for ::1 at 2022-09-01 14:23:08 +0700
  [1m[35m (0.9ms)[0m  [1m[34mSELECT sqlite_version(*)[0m
Processing by Rails::WelcomeController#index as HTML
  Rendering /Users/bright/.rvm/gems/ruby-3.1.2/gems/railties-7.0.3.1/lib/rails/templates/rails/welcome/index.html.erb
  Rendered /Users/bright/.rvm/gems/ruby-3.1.2/gems/railties-7.0.3.1/lib/rails/templates/rails/welcome/index.html.erb (Duration: 1.2ms | Allocations: 657)
Completed 200 OK in 9ms (Views: 3.7ms | ActiveRecord: 0.0ms | Allocations: 5132)


Started GET "/" for ::1 at 2022-09-01 14:23:09 +0700
Processing by Rails::WelcomeController#index as HTML
  Rendering /Users/bright/.rvm/gems/ruby-3.1.2/gems/railties-7.0.3.1/lib/rails/templates/rails/welcome/index.html.erb
  Rendered /Users/bright/.rvm/gems/ruby-3.1.2/gems/railties-7.0.3.1/lib/rails/templates/rails/welcome/index.html.erb (Duration: 1.1ms | Allocations: 324)
Completed 200 OK in 4ms (Views: 2.5ms | ActiveRecord: 0.0ms | Allocations: 1053)


Started GET "/" for ::1 at 2022-09-01 14:23:09 +0700
Processing by Rails::WelcomeController#index as HTML
  Rendering /Users/bright/.rvm/gems/ruby-3.1.2/gems/railties-7.0.3.1/lib/rails/templates/rails/welcome/index.html.erb
  Rendered /Users/bright/.rvm/gems/ruby-3.1.2/gems/railties-7.0.3.1/lib/rails/templates/rails/welcome/index.html.erb (Duration: 0.0ms | Allocations: 27)
Completed 200 OK in 0ms (Views: 0.2ms | ActiveRecord: 0.0ms | Allocations: 276)


Started GET "/" for ::1 at 2022-09-01 14:23:14 +0700
Processing by Rails::WelcomeController#index as HTML
  Rendering /Users/bright/.rvm/gems/ruby-3.1.2/gems/railties-7.0.3.1/lib/rails/templates/rails/welcome/index.html.erb
  Rendered /Users/bright/.rvm/gems/ruby-3.1.2/gems/railties-7.0.3.1/lib/rails/templates/rails/welcome/index.html.erb (Duration: 0.1ms | Allocations: 27)
Completed 200 OK in 1ms (Views: 0.7ms | ActiveRecord: 0.0ms | Allocations: 247)


Started GET "/test3" for ::1 at 2022-09-01 14:23:15 +0700
  
ActionController::RoutingError (No route matches [GET] "/test3"):
  
Started GET "/test3" for ::1 at 2022-09-01 14:23:35 +0700
  
ActionController::RoutingError (No route matches [GET] "/test3"):
  
Started GET "/test" for ::1 at 2022-09-01 14:23:41 +0700
Processing by MainController#test as HTML
  Rendering layout layouts/application.html.erb
  Rendering main/test.html.erb within layouts/application
  Rendered main/test.html.erb within layouts/application (Duration: 1.3ms | Allocations: 1141)
  Rendered layout layouts/application.html.erb (Duration: 144.1ms | Allocations: 88518)
Completed 200 OK in 146ms (Views: 145.7ms | Allocations: 89445)


Started GET "/test" for ::1 at 2022-09-01 14:23:56 +0700
Processing by MainController#test as HTML
  Rendering layout layouts/application.html.erb
  Rendering main/test.html.erb within layouts/application
  Rendered main/test.html.erb within layouts/application (Duration: 2.4ms | Allocations: 737)
  Rendered layout layouts/application.html.erb (Duration: 8.1ms | Allocations: 3318)
Completed 200 OK in 12ms (Views: 11.1ms | Allocations: 4147)


Started GET "/test" for ::1 at 2022-09-01 14:24:46 +0700
Processing by MainController#test as HTML
  Rendering layout layouts/application.html.erb
  Rendering main/test.html.erb within layouts/application
  Rendered main/test.html.erb within layouts/application (Duration: 19.6ms | Allocations: 11095)
  Rendered layout layouts/application.html.erb (Duration: 23.0ms | Allocations: 13722)
Completed 200 OK in 26ms (Views: 25.6ms | Allocations: 14561)


Started GET "/test" for ::1 at 2022-09-01 14:25:04 +0700
Processing by MainController#test as HTML
  Rendering layout layouts/application.html.erb
  Rendering main/test.html.erb within layouts/application
  Rendered main/test.html.erb within layouts/application (Duration: 4.1ms | Allocations: 2474)
  Rendered layout layouts/application.html.erb (Duration: 4.5ms | Allocations: 2568)
Completed 500 Internal Server Error in 9ms (Allocations: 3392)


  
ActionView::Template::Error (undefined method `input' for #<ActionView::Helpers::FormBuilder:0x000000010ac2df48 @nested_child_index={}, @options={:allow_method_names_outside_object=>true, :skip_default_ids=>false}, @template=#<ActionView::Base:0x0000000000e790>, @object=nil, @object_name=nil, @default_options={:skip_default_ids=>false, :allow_method_names_outside_object=>true}, @default_html_options={}, @multipart=nil, @index=nil>

  '.freeze;@output_buffer.append=( form.input :pet_dog );@output_buffer.safe_append='
                                       ^^^^^^):
    1: <%= form_with do |form| %>
    2:   <%= form.input :pet_dog %>
    3:   <%= form.label :pet_dog, "I own a dog" %>
    4:   <%= form.check_box :pet_cat %>
    5:   <%= form.label :pet_cat, "I own a cat" %>
  
app/views/main/test.html.erb:2
app/views/main/test.html.erb:1
app/controllers/main_controller.rb:3:in `test'
Started GET "/test" for ::1 at 2022-09-01 14:26:04 +0700
Processing by MainController#test as HTML
  Rendering layout layouts/application.html.erb
  Rendering main/test.html.erb within layouts/application
  Rendered main/test.html.erb within layouts/application (Duration: 6.0ms | Allocations: 2417)
  Rendered layout layouts/application.html.erb (Duration: 6.3ms | Allocations: 2511)
Completed 500 Internal Server Error in 12ms (Allocations: 3310)


  
ActionView::Template::Error (undefined method `testarea' for #<ActionView::Helpers::FormBuilder:0x000000010a40c120 @nested_child_index={}, @options={:allow_method_names_outside_object=>true, :skip_default_ids=>false}, @template=#<ActionView::Base:0x0000000000ead8>, @object=nil, @object_name=nil, @default_options={:skip_default_ids=>false, :allow_method_names_outside_object=>true}, @default_html_options={}, @multipart=nil, @index=nil>

  '.freeze;@output_buffer.append=( form.testarea :pet_dog );@output_buffer.safe_append='
                                       ^^^^^^^^^
Did you mean?  text_area):
    1: <%= form_with do |form| %>
    2:   <%= form.testarea :pet_dog %>
    3:   <%= form.label :pet_dog, "I own a dog" %>
    4:   <%= form.check_box :pet_cat %>
    5:   <%= form.label :pet_cat, "I own a cat" %>
  
app/views/main/test.html.erb:2
app/views/main/test.html.erb:1
app/controllers/main_controller.rb:3:in `test'
Started GET "/test" for ::1 at 2022-09-01 14:26:12 +0700
Processing by MainController#test as HTML
  Rendering layout layouts/application.html.erb
  Rendering main/test.html.erb within layouts/application
  Rendered main/test.html.erb within layouts/application (Duration: 6.4ms | Allocations: 2415)
  Rendered layout layouts/application.html.erb (Duration: 7.0ms | Allocations: 2509)
Completed 500 Internal Server Error in 12ms (Allocations: 3308)


  
ActionView::Template::Error (undefined method `textarea' for #<ActionView::Helpers::FormBuilder:0x0000000109a77f60 @nested_child_index={}, @options={:allow_method_names_outside_object=>true, :skip_default_ids=>false}, @template=#<ActionView::Base:0x0000000000edd0>, @object=nil, @object_name=nil, @default_options={:skip_default_ids=>false, :allow_method_names_outside_object=>true}, @default_html_options={}, @multipart=nil, @index=nil>

  '.freeze;@output_buffer.append=( form.textarea :pet_dog );@output_buffer.safe_append='
                                       ^^^^^^^^^
Did you mean?  text_area):
    1: <%= form_with do |form| %>
    2:   <%= form.textarea :pet_dog %>
    3:   <%= form.label :pet_dog, "I own a dog" %>
    4:   <%= form.check_box :pet_cat %>
    5:   <%= form.label :pet_cat, "I own a cat" %>
  
app/views/main/test.html.erb:2
app/views/main/test.html.erb:1
app/controllers/main_controller.rb:3:in `test'
Started GET "/test" for ::1 at 2022-09-01 14:26:26 +0700
Processing by MainController#test as HTML
  Rendering layout layouts/application.html.erb
  Rendering main/test.html.erb within layouts/application
  Rendered main/test.html.erb within layouts/application (Duration: 1.9ms | Allocations: 1218)
  Rendered layout layouts/application.html.erb (Duration: 2.1ms | Allocations: 1313)
Completed 500 Internal Server Error in 5ms (Allocations: 2117)


  
ActionView::SyntaxErrorInTemplate (Encountered a syntax error while rendering template: check <%= form_with do |form| %>
  <%= form.text+area :pet_dog %>
  <%= form.label :pet_dog, "I own a dog" %>
  <%= form.check_box :pet_cat %>
  <%= form.label :pet_cat, "I own a cat" %>
<% end %>
):
1:    <%= form_with do |form| %>
2:      <%= form.text+area :pet_dog %>
3:      <%= form.label :pet_dog, "I own a dog" %>
4:      <%= form.check_box :pet_cat %>
5:      <%= form.label :pet_cat, "I own a cat" %>
6:    <% end %>
  
app/views/main/test.html.erb:2: syntax error, unexpected symbol literal, expecting `do' or '{' or '('
app/views/main/test.html.erb:2: syntax error, unexpected symbol literal, expecting `do' or '{' or '('
app/views/main/test.html.erb:2: syntax error, unexpected symbol literal, expecting `do' or '{' or '('
app/views/main/test.html.erb:2: syntax error, unexpected symbol literal, expecting `do' or '{' or '('
app/views/main/test.html.erb:2: syntax error, unexpected symbol literal, expecting `do' or '{' or '('
app/views/main/test.html.erb:2: syntax error, unexpected symbol literal, expecting `do' or '{' or '('
app/controllers/main_controller.rb:3:in `test'
Started GET "/test" for ::1 at 2022-09-01 14:26:35 +0700
Processing by MainController#test as HTML
  Rendering layout layouts/application.html.erb
  Rendering main/test.html.erb within layouts/application
  Rendered main/test.html.erb within layouts/application (Duration: 22.7ms | Allocations: 10528)
  Rendered layout layouts/application.html.erb (Duration: 27.8ms | Allocations: 13171)
Completed 200 OK in 32ms (Views: 30.9ms | Allocations: 14000)


Started GET "/test" for ::1 at 2022-09-01 14:29:52 +0700
Processing by MainController#test as HTML
  Rendering layout layouts/application.html.erb
  Rendering main/test.html.erb within layouts/application
  Rendered main/test.html.erb within layouts/application (Duration: 2.8ms | Allocations: 1761)
  Rendered layout layouts/application.html.erb (Duration: 9.2ms | Allocations: 4339)
Completed 200 OK in 13ms (Views: 12.1ms | Allocations: 5170)


Started GET "/test" for ::1 at 2022-09-01 14:31:17 +0700
Processing by MainController#test as HTML
  Rendering layout layouts/application.html.erb
  Rendering main/test.html.erb within layouts/application
  Rendered main/test.html.erb within layouts/application (Duration: 3.7ms | Allocations: 1762)
  Rendered layout layouts/application.html.erb (Duration: 10.4ms | Allocations: 4340)
Completed 200 OK in 15ms (Views: 14.2ms | Allocations: 5169)


Started GET "/test" for ::1 at 2022-09-01 14:31:49 +0700
Processing by MainController#test as HTML
  Rendering layout layouts/application.html.erb
  Rendering main/test.html.erb within layouts/application
  Rendered main/test.html.erb within layouts/application (Duration: 3.7ms | Allocations: 1776)
  Rendered layout layouts/application.html.erb (Duration: 9.8ms | Allocations: 4354)
Completed 200 OK in 14ms (Views: 13.1ms | Allocations: 5183)


Started GET "/test" for ::1 at 2022-09-01 14:32:11 +0700
Processing by MainController#test as HTML
  Rendering layout layouts/application.html.erb
  Rendering main/test.html.erb within layouts/application
  Rendered main/test.html.erb within layouts/application (Duration: 3.6ms | Allocations: 1766)
  Rendered layout layouts/application.html.erb (Duration: 9.8ms | Allocations: 4344)
Completed 200 OK in 14ms (Views: 13.1ms | Allocations: 5173)


Started GET "/test" for ::1 at 2022-09-01 14:33:31 +0700
Processing by MainController#test as HTML
  Rendering layout layouts/application.html.erb
  Rendering main/test.html.erb within layouts/application
  Rendered main/test.html.erb within layouts/application (Duration: 4.4ms | Allocations: 3607)
  Rendered layout layouts/application.html.erb (Duration: 10.9ms | Allocations: 6185)
Completed 200 OK in 16ms (Views: 15.4ms | Allocations: 7014)


Started GET "/test" for ::1 at 2022-09-01 14:34:00 +0700
Processing by MainController#test as HTML
  Rendering layout layouts/application.html.erb
  Rendering main/test.html.erb within layouts/application
  Rendered main/test.html.erb within layouts/application (Duration: 4.5ms | Allocations: 3676)
  Rendered layout layouts/application.html.erb (Duration: 9.8ms | Allocations: 6253)
Completed 200 OK in 13ms (Views: 12.7ms | Allocations: 7083)


Started GET "/test" for ::1 at 2022-09-01 14:39:21 +0700
Processing by MainController#test as HTML
  Rendering layout layouts/application.html.erb
  Rendering main/test.html.erb within layouts/application
  Rendered main/test.html.erb within layouts/application (Duration: 1.0ms | Allocations: 3553)
  Rendered layout layouts/application.html.erb (Duration: 8.6ms | Allocations: 17779)
Completed 200 OK in 10ms (Views: 9.4ms | Allocations: 18704)


Started POST "/test" for ::1 at 2022-09-01 14:39:23 +0700
Processing by MainController#test_post as TURBO_STREAM
  Parameters: {"authenticity_token"=>"[FILTERED]", "sub1"=>"", "score1"=>"", "sub2"=>"", "score2"=>"", "sub3"=>"", "grade3"=>"", "commit"=>"Submit"}
  Rendering text template
  Rendered text template (Duration: 0.0ms | Allocations: 8)
Completed 200 OK in 4ms (Views: 2.3ms | Allocations: 770)


Started POST "/test" for ::1 at 2022-09-01 14:39:24 +0700
Processing by MainController#test_post as TURBO_STREAM
  Parameters: {"authenticity_token"=>"[FILTERED]", "sub1"=>"", "score1"=>"", "sub2"=>"", "score2"=>"", "sub3"=>"", "grade3"=>"", "commit"=>"Submit"}
  Rendering text template
  Rendered text template (Duration: 0.0ms | Allocations: 3)
Completed 200 OK in 3ms (Views: 0.9ms | Allocations: 471)


Started POST "/test" for ::1 at 2022-09-01 14:39:26 +0700
Processing by MainController#test_post as TURBO_STREAM
  Parameters: {"authenticity_token"=>"[FILTERED]", "sub1"=>"", "score1"=>"", "sub2"=>"", "score2"=>"", "sub3"=>"", "grade3"=>"", "commit"=>"Submit"}
  Rendering text template
  Rendered text template (Duration: 0.0ms | Allocations: 3)
Completed 200 OK in 2ms (Views: 0.6ms | Allocations: 403)


Started POST "/test" for ::1 at 2022-09-01 14:39:38 +0700
Processing by MainController#test_post as TURBO_STREAM
  Parameters: {"authenticity_token"=>"[FILTERED]", "sub1"=>"said", "score1"=>"asdasd", "sub2"=>"sadasd", "score2"=>"asdasd", "sub3"=>"sadasd", "grade3"=>"adsasd", "commit"=>"Submit"}
  Rendering text template
  Rendered text template (Duration: 0.0ms | Allocations: 3)
Completed 200 OK in 2ms (Views: 0.5ms | Allocations: 409)


Started POST "/test" for ::1 at 2022-09-01 14:39:39 +0700
Processing by MainController#test_post as TURBO_STREAM
  Parameters: {"authenticity_token"=>"[FILTERED]", "sub1"=>"said", "score1"=>"asdasd", "sub2"=>"sadasd", "score2"=>"asdasd", "sub3"=>"sadasd", "grade3"=>"adsasd", "commit"=>"Submit"}
  Rendering text template
  Rendered text template (Duration: 0.0ms | Allocations: 3)
Completed 200 OK in 2ms (Views: 0.5ms | Allocations: 400)


Started POST "/test" for ::1 at 2022-09-01 14:39:39 +0700
Processing by MainController#test_post as TURBO_STREAM
  Parameters: {"authenticity_token"=>"[FILTERED]", "sub1"=>"said", "score1"=>"asdasd", "sub2"=>"sadasd", "score2"=>"asdasd", "sub3"=>"sadasd", "grade3"=>"adsasd", "commit"=>"Submit"}
  Rendering text template
  Rendered text template (Duration: 0.0ms | Allocations: 3)
Completed 200 OK in 1ms (Views: 0.2ms | Allocations: 403)


Started POST "/test" for ::1 at 2022-09-01 14:39:40 +0700
Processing by MainController#test_post as TURBO_STREAM
  Parameters: {"authenticity_token"=>"[FILTERED]", "sub1"=>"said", "score1"=>"asdasd", "sub2"=>"sadasd", "score2"=>"asdasd", "sub3"=>"sadasd", "grade3"=>"adsasd", "commit"=>"Submit"}
  Rendering text template
  Rendered text template (Duration: 0.0ms | Allocations: 3)
Completed 200 OK in 2ms (Views: 0.6ms | Allocations: 412)


Started POST "/test" for ::1 at 2022-09-01 14:39:40 +0700
Processing by MainController#test_post as TURBO_STREAM
  Parameters: {"authenticity_token"=>"[FILTERED]", "sub1"=>"said", "score1"=>"asdasd", "sub2"=>"sadasd", "score2"=>"asdasd", "sub3"=>"sadasd", "grade3"=>"adsasd", "commit"=>"Submit"}
  Rendering text template
  Rendered text template (Duration: 0.0ms | Allocations: 3)
Completed 200 OK in 2ms (Views: 0.7ms | Allocations: 386)


Started POST "/test" for ::1 at 2022-09-01 14:39:49 +0700
Processing by MainController#test_post as TURBO_STREAM
  Parameters: {"authenticity_token"=>"[FILTERED]", "sub1"=>"said", "score1"=>"asdasd", "sub2"=>"sadasd", "score2"=>"asdasd", "sub3"=>"sadasd", "grade3"=>"adsasd", "commit"=>"Submit"}
  Rendering text template
  Rendered text template (Duration: 0.0ms | Allocations: 3)
Completed 200 OK in 2ms (Views: 0.6ms | Allocations: 407)


Started GET "/test" for ::1 at 2022-09-01 14:40:25 +0700
Processing by MainController#test as HTML
  Rendering layout layouts/application.html.erb
  Rendering main/test.html.erb within layouts/application
  Rendered main/test.html.erb within layouts/application (Duration: 3.8ms | Allocations: 3630)
  Rendered layout layouts/application.html.erb (Duration: 9.1ms | Allocations: 6216)
Completed 200 OK in 13ms (Views: 11.8ms | Allocations: 7029)


Started POST "/test" for ::1 at 2022-09-01 14:40:32 +0700
Processing by MainController#test_post as HTML
  Parameters: {"authenticity_token"=>"[FILTERED]", "sub1"=>"asdas", "score1"=>"asdasd", "sub2"=>"sadasd", "score2"=>"dasasd", "sub3"=>"adsasd", "grade3"=>"dadas", "commit"=>"Submit"}
  Rendering text template
  Rendered text template (Duration: 0.0ms | Allocations: 3)
Completed 200 OK in 1ms (Views: 0.4ms | Allocations: 428)


Started POST "/test" for ::1 at 2022-09-01 14:48:46 +0700
Processing by MainController#test_post as HTML
  Parameters: {"authenticity_token"=>"[FILTERED]", "sub1"=>"asdas", "score1"=>"asdasd", "sub2"=>"sadasd", "score2"=>"dasasd", "sub3"=>"adsasd", "grade3"=>"dadas", "commit"=>"Submit"}
Redirected to 
Completed 500 Internal Server Error in 7ms (Allocations: 1189)


  
ActionController::Redirecting::UnsafeRedirectError (Unsafe redirect to "http://localhost:3000test_post", pass allow_other_host: true to redirect anyway.):
  
app/controllers/main_controller.rb:7:in `test_post'
Started GET "/" for ::1 at 2022-09-01 14:48:51 +0700
Processing by Rails::WelcomeController#index as HTML
  Rendering /Users/bright/.rvm/gems/ruby-3.1.2/gems/railties-7.0.3.1/lib/rails/templates/rails/welcome/index.html.erb
  Rendered /Users/bright/.rvm/gems/ruby-3.1.2/gems/railties-7.0.3.1/lib/rails/templates/rails/welcome/index.html.erb (Duration: 1.2ms | Allocations: 323)
Completed 200 OK in 4ms (Views: 2.5ms | Allocations: 945)


Started GET "/test" for ::1 at 2022-09-01 14:48:55 +0700
Processing by MainController#test as HTML
  Rendering layout layouts/application.html.erb
  Rendering main/test.html.erb within layouts/application
  Rendered main/test.html.erb within layouts/application (Duration: 4.0ms | Allocations: 3628)
  Rendered layout layouts/application.html.erb (Duration: 24.6ms | Allocations: 17884)
Completed 200 OK in 28ms (Views: 27.7ms | Allocations: 18723)


Started POST "/test" for ::1 at 2022-09-01 14:49:04 +0700
Processing by MainController#test_post as HTML
  Parameters: {"authenticity_token"=>"[FILTERED]", "sub1"=>"sadasd", "score1"=>"asdasd", "sub2"=>"asdas", "score2"=>"dasasd", "sub3"=>"adsasd", "grade3"=>"adsasda", "commit"=>"Submit"}
Redirected to 
Completed 500 Internal Server Error in 3ms (Allocations: 1031)


  
ActionController::Redirecting::UnsafeRedirectError (Unsafe redirect to "http://localhost:3000test_post", pass allow_other_host: true to redirect anyway.):
  
app/controllers/main_controller.rb:7:in `test_post'
Started POST "/test" for ::1 at 2022-09-01 14:49:50 +0700
Processing by MainController#test_post as HTML
  Parameters: {"authenticity_token"=>"[FILTERED]", "sub1"=>"sadasd", "score1"=>"asdasd", "sub2"=>"asdas", "score2"=>"dasasd", "sub3"=>"adsasd", "grade3"=>"adsasda", "commit"=>"Submit"}
Redirected to http://localhost:3000/test_post
Completed 302 Found in 1ms (Allocations: 529)


Started GET "/test_post" for ::1 at 2022-09-01 14:49:51 +0700
  
AbstractController::ActionNotFound (The action 'rusult' could not be found for MainController
Did you mean?  result):
  
actionpack (7.0.3.1) lib/abstract_controller/base.rb:146:in `process'
actionview (7.0.3.1) lib/action_view/rendering.rb:39:in `process'
actionpack (7.0.3.1) lib/action_controller/metal.rb:188:in `dispatch'
actionpack (7.0.3.1) lib/action_controller/metal.rb:251:in `dispatch'
actionpack (7.0.3.1) lib/action_dispatch/routing/route_set.rb:49:in `dispatch'
actionpack (7.0.3.1) lib/action_dispatch/routing/route_set.rb:32:in `serve'
actionpack (7.0.3.1) lib/action_dispatch/journey/router.rb:50:in `block in serve'
actionpack (7.0.3.1) lib/action_dispatch/journey/router.rb:32:in `each'
actionpack (7.0.3.1) lib/action_dispatch/journey/router.rb:32:in `serve'
actionpack (7.0.3.1) lib/action_dispatch/routing/route_set.rb:852:in `call'
rack (2.2.4) lib/rack/tempfile_reaper.rb:15:in `call'
rack (2.2.4) lib/rack/etag.rb:27:in `call'
rack (2.2.4) lib/rack/conditional_get.rb:27:in `call'
rack (2.2.4) lib/rack/head.rb:12:in `call'
actionpack (7.0.3.1) lib/action_dispatch/http/permissions_policy.rb:38:in `call'
actionpack (7.0.3.1) lib/action_dispatch/http/content_security_policy.rb:36:in `call'
rack (2.2.4) lib/rack/session/abstract/id.rb:266:in `context'
rack (2.2.4) lib/rack/session/abstract/id.rb:260:in `call'
actionpack (7.0.3.1) lib/action_dispatch/middleware/cookies.rb:697:in `call'
activerecord (7.0.3.1) lib/active_record/migration.rb:603:in `call'
actionpack (7.0.3.1) lib/action_dispatch/middleware/callbacks.rb:27:in `block in call'
activesupport (7.0.3.1) lib/active_support/callbacks.rb:99:in `run_callbacks'
actionpack (7.0.3.1) lib/action_dispatch/middleware/callbacks.rb:26:in `call'
actionpack (7.0.3.1) lib/action_dispatch/middleware/executor.rb:14:in `call'
actionpack (7.0.3.1) lib/action_dispatch/middleware/actionable_exceptions.rb:17:in `call'
actionpack (7.0.3.1) lib/action_dispatch/middleware/debug_exceptions.rb:28:in `call'
web-console (4.2.0) lib/web_console/middleware.rb:132:in `call_app'
web-console (4.2.0) lib/web_console/middleware.rb:28:in `block in call'
web-console (4.2.0) lib/web_console/middleware.rb:17:in `catch'
web-console (4.2.0) lib/web_console/middleware.rb:17:in `call'
actionpack (7.0.3.1) lib/action_dispatch/middleware/show_exceptions.rb:26:in `call'
railties (7.0.3.1) lib/rails/rack/logger.rb:40:in `call_app'
railties (7.0.3.1) lib/rails/rack/logger.rb:25:in `block in call'
activesupport (7.0.3.1) lib/active_support/tagged_logging.rb:114:in `block in tagged'
activesupport (7.0.3.1) lib/active_support/tagged_logging.rb:38:in `tagged'
activesupport (7.0.3.1) lib/active_support/tagged_logging.rb:114:in `tagged'
railties (7.0.3.1) lib/rails/rack/logger.rb:25:in `call'
sprockets-rails (3.4.2) lib/sprockets/rails/quiet_assets.rb:13:in `call'
actionpack (7.0.3.1) lib/action_dispatch/middleware/remote_ip.rb:93:in `call'
actionpack (7.0.3.1) lib/action_dispatch/middleware/request_id.rb:26:in `call'
rack (2.2.4) lib/rack/method_override.rb:24:in `call'
rack (2.2.4) lib/rack/runtime.rb:22:in `call'
activesupport (7.0.3.1) lib/active_support/cache/strategy/local_cache_middleware.rb:29:in `call'
actionpack (7.0.3.1) lib/action_dispatch/middleware/server_timing.rb:20:in `call'
actionpack (7.0.3.1) lib/action_dispatch/middleware/executor.rb:14:in `call'
actionpack (7.0.3.1) lib/action_dispatch/middleware/static.rb:23:in `call'
rack (2.2.4) lib/rack/sendfile.rb:110:in `call'
actionpack (7.0.3.1) lib/action_dispatch/middleware/host_authorization.rb:137:in `call'
railties (7.0.3.1) lib/rails/engine.rb:530:in `call'
puma (5.6.5) lib/puma/configuration.rb:252:in `call'
puma (5.6.5) lib/puma/request.rb:77:in `block in handle_request'
puma (5.6.5) lib/puma/thread_pool.rb:340:in `with_force_shutdown'
puma (5.6.5) lib/puma/request.rb:76:in `handle_request'
puma (5.6.5) lib/puma/server.rb:443:in `process_client'
puma (5.6.5) lib/puma/thread_pool.rb:147:in `block in spawn_thread'
Started GET "/test_post" for ::1 at 2022-09-01 14:50:06 +0700
Processing by MainController#result as HTML
  Rendering text template
  Rendered text template (Duration: 0.0ms | Allocations: 6)
Completed 200 OK in 1ms (Views: 0.4ms | Allocations: 549)


Started GET "/test_post" for ::1 at 2022-09-01 14:51:23 +0700
Processing by MainController#result as HTML
  Rendering layout layouts/application.html.erb
  Rendering main/test_post.html.erb within layouts/application
  Rendered main/test_post.html.erb within layouts/application (Duration: 0.2ms | Allocations: 142)
  Rendered layout layouts/application.html.erb (Duration: 7.5ms | Allocations: 14433)
Completed 200 OK in 8ms (Views: 8.1ms | Allocations: 15128)


Started GET "/test_post" for ::1 at 2022-09-01 14:51:49 +0700
Processing by MainController#result as HTML
  Rendering layout layouts/application.html.erb
  Rendering main/test_post.html.erb within layouts/application
  Rendered main/test_post.html.erb within layouts/application (Duration: 0.6ms | Allocations: 150)
  Rendered layout layouts/application.html.erb (Duration: 6.7ms | Allocations: 2986)
Completed 200 OK in 11ms (Views: 10.1ms | Allocations: 3814)


Started GET "/test" for ::1 at 2022-09-01 14:51:55 +0700
Processing by MainController#test as HTML
  Rendering layout layouts/application.html.erb
  Rendering main/test.html.erb within layouts/application
  Rendered main/test.html.erb within layouts/application (Duration: 5.2ms | Allocations: 3488)
  Rendered layout layouts/application.html.erb (Duration: 9.5ms | Allocations: 5687)
Completed 200 OK in 12ms (Views: 10.6ms | Allocations: 6033)


Started POST "/test" for ::1 at 2022-09-01 14:51:57 +0700
Processing by MainController#test_post as HTML
  Parameters: {"authenticity_token"=>"[FILTERED]", "sub1"=>"", "score1"=>"", "sub2"=>"", "score2"=>"", "sub3"=>"", "grade3"=>"", "commit"=>"Submit"}
Redirected to http://localhost:3000/test_post
Completed 302 Found in 2ms (Allocations: 381)


Started GET "/test_post" for ::1 at 2022-09-01 14:51:57 +0700
Processing by MainController#result as HTML
  Rendering layout layouts/application.html.erb
  Rendering main/test_post.html.erb within layouts/application
  Rendered main/test_post.html.erb within layouts/application (Duration: 0.1ms | Allocations: 18)
  Rendered layout layouts/application.html.erb (Duration: 4.3ms | Allocations: 2378)
Completed 200 OK in 6ms (Views: 4.9ms | Allocations: 2627)


Started GET "/test_post" for ::1 at 2022-09-01 14:54:06 +0700
Processing by MainController#result as HTML
  Rendering layout layouts/application.html.erb
  Rendering main/test_post.html.erb within layouts/application
  Rendered main/test_post.html.erb within layouts/application (Duration: 0.2ms | Allocations: 185)
  Rendered layout layouts/application.html.erb (Duration: 6.4ms | Allocations: 14563)
Completed 200 OK in 7ms (Views: 7.2ms | Allocations: 15488)


Started POST "/test" for ::1 at 2022-09-01 14:54:13 +0700
Processing by MainController#test_post as HTML
  Parameters: {"authenticity_token"=>"[FILTERED]", "sub1"=>"asdasd", "score1"=>"", "sub2"=>"asdas", "score2"=>"", "sub3"=>"sodas", "grade3"=>"", "commit"=>"Submit"}
Redirected to http://localhost:3000/test_post
Completed 302 Found in 2ms (Allocations: 409)


Started GET "/test_post" for ::1 at 2022-09-01 14:54:13 +0700
Processing by MainController#result as HTML
  Rendering layout layouts/application.html.erb
  Rendering main/test_post.html.erb within layouts/application
  Rendered main/test_post.html.erb within layouts/application (Duration: 0.1ms | Allocations: 18)
  Rendered layout layouts/application.html.erb (Duration: 4.8ms | Allocations: 2375)
Completed 200 OK in 6ms (Views: 5.5ms | Allocations: 2639)


Started GET "/test" for ::1 at 2022-09-01 14:55:16 +0700
Processing by MainController#test as HTML
  Rendering layout layouts/application.html.erb
  Rendering main/test.html.erb within layouts/application
  Rendered main/test.html.erb within layouts/application (Duration: 1.2ms | Allocations: 3579)
  Rendered layout layouts/application.html.erb (Duration: 5.8ms | Allocations: 17514)
Completed 200 OK in 7ms (Views: 6.3ms | Allocations: 18231)


Started POST "/test" for ::1 at 2022-09-01 14:55:21 +0700
Processing by MainController#test_post as HTML
  Parameters: {"authenticity_token"=>"[FILTERED]", "sub1"=>"sadasd", "score1"=>"", "sub2"=>"asdasd", "score2"=>"", "sub3"=>"sad sad", "grade3"=>"", "commit"=>"Submit"}
Redirected to http://localhost:3000/test_post
Completed 302 Found in 2ms (Allocations: 403)


Started GET "/test_post" for ::1 at 2022-09-01 14:55:21 +0700
Processing by MainController#result as HTML
  Rendering layout layouts/application.html.erb
  Rendering main/test_post.html.erb within layouts/application
  Rendered main/test_post.html.erb within layouts/application (Duration: 0.1ms | Allocations: 19)
  Rendered layout layouts/application.html.erb (Duration: 2.9ms | Allocations: 2391)
Completed 200 OK in 4ms (Views: 3.4ms | Allocations: 2655)


Started GET "/test" for ::1 at 2022-09-01 14:56:40 +0700
Processing by MainController#test as HTML
  Rendering layout layouts/application.html.erb
  Rendering main/test.html.erb within layouts/application
  Rendered main/test.html.erb within layouts/application (Duration: 0.7ms | Allocations: 3303)
  Rendered layout layouts/application.html.erb (Duration: 7.8ms | Allocations: 17371)
Completed 200 OK in 9ms (Views: 8.3ms | Allocations: 17993)


Started POST "/test" for ::1 at 2022-09-01 14:56:43 +0700
Processing by MainController#test_post as HTML
  Parameters: {"authenticity_token"=>"[FILTERED]", "sub1"=>"asdad", "score1"=>"", "sub2"=>"sadas", "score2"=>"", "sub3"=>"asdasd", "grade3"=>"", "commit"=>"Submit"}
Redirected to http://localhost:3000/test_post
Completed 302 Found in 2ms (Allocations: 403)


Started GET "/test_post" for ::1 at 2022-09-01 14:56:43 +0700
Processing by MainController#result as HTML
  Rendering layout layouts/application.html.erb
  Rendering main/test_post.html.erb within layouts/application
  Rendered main/test_post.html.erb within layouts/application (Duration: 0.1ms | Allocations: 19)
  Rendered layout layouts/application.html.erb (Duration: 4.0ms | Allocations: 2378)
Completed 200 OK in 5ms (Views: 4.6ms | Allocations: 2642)


Started GET "/test" for ::1 at 2022-09-01 14:58:09 +0700
Processing by MainController#test as HTML
  Rendering layout layouts/application.html.erb
  Rendering main/test.html.erb within layouts/application
  Rendered main/test.html.erb within layouts/application (Duration: 1.3ms | Allocations: 3309)
  Rendered layout layouts/application.html.erb (Duration: 7.2ms | Allocations: 17306)
Completed 200 OK in 8ms (Views: 7.8ms | Allocations: 17928)


Started POST "/test" for ::1 at 2022-09-01 14:58:12 +0700
Processing by MainController#test_post as HTML
  Parameters: {"authenticity_token"=>"[FILTERED]", "sub1"=>"asdsad", "score1"=>"", "sub2"=>"sadasd", "score2"=>"", "sub3"=>"dsaasd", "grade3"=>"", "commit"=>"Submit"}
Redirected to http://localhost:3000/test_post
Completed 302 Found in 2ms (Allocations: 391)


Started GET "/test_post" for ::1 at 2022-09-01 14:58:12 +0700
Processing by MainController#result as HTML
  Rendering layout layouts/application.html.erb
  Rendering main/test_post.html.erb within layouts/application
  Rendered main/test_post.html.erb within layouts/application (Duration: 0.0ms | Allocations: 19)
  Rendered layout layouts/application.html.erb (Duration: 2.7ms | Allocations: 2388)
Completed 200 OK in 3ms (Views: 3.0ms | Allocations: 2659)


Started POST "/test" for ::1 at 2022-09-01 14:58:53 +0700
Processing by MainController#test_post as HTML
  Parameters: {"authenticity_token"=>"[FILTERED]", "sub1"=>"asdsad", "score1"=>"", "sub2"=>"sadasd", "score2"=>"", "sub3"=>"dsaasd", "grade3"=>"", "commit"=>"Submit"}
Redirected to http://localhost:3000/test_post
Completed 302 Found in 1ms (Allocations: 543)


Started GET "/test_post" for ::1 at 2022-09-01 14:58:53 +0700
Processing by MainController#result as HTML
Completed 500 Internal Server Error in 3ms (Allocations: 3222)


  
NameError (undefined local variable or method `sub1' for #<MainController:0x00000000034508>

    @s1 = sub1;
          ^^^^):
  
app/controllers/main_controller.rb:17:in `result'
Started GET "/test" for ::1 at 2022-09-01 14:59:06 +0700
Processing by MainController#test as HTML
  Rendering layout layouts/application.html.erb
  Rendering main/test.html.erb within layouts/application
  Rendered main/test.html.erb within layouts/application (Duration: 2.5ms | Allocations: 3330)
  Rendered layout layouts/application.html.erb (Duration: 20.7ms | Allocations: 17362)
Completed 200 OK in 24ms (Views: 22.8ms | Allocations: 17932)


Started POST "/test" for ::1 at 2022-09-01 14:59:11 +0700
Processing by MainController#test_post as HTML
  Parameters: {"authenticity_token"=>"[FILTERED]", "sub1"=>"sadsa", "score1"=>"", "sub2"=>"sadasd", "score2"=>"", "sub3"=>"adds", "grade3"=>"", "commit"=>"Submit"}
Redirected to http://localhost:3000/test_post
Completed 302 Found in 1ms (Allocations: 371)


Started GET "/test_post" for ::1 at 2022-09-01 14:59:11 +0700
Processing by MainController#result as HTML
Completed 500 Internal Server Error in 7ms (Allocations: 3172)


  
NameError (undefined local variable or method `sub1' for #<MainController:0x00000000034878>

    @s1 = sub1;
          ^^^^):
  
app/controllers/main_controller.rb:17:in `result'
Started GET "/test_post" for ::1 at 2022-09-01 14:59:57 +0700
Processing by MainController#result as HTML
Completed 500 Internal Server Error in 10ms (Allocations: 3145)


  
NameError (undefined local variable or method `sub1' for #<MainController:0x00000000034bc0>

    @s1 = sub1;
          ^^^^):
  
app/controllers/main_controller.rb:17:in `result'
Started GET "/test" for ::1 at 2022-09-01 15:00:10 +0700
Processing by MainController#test as HTML
  Rendering layout layouts/application.html.erb
  Rendering main/test.html.erb within layouts/application
  Rendered main/test.html.erb within layouts/application (Duration: 5.0ms | Allocations: 3609)
  Rendered layout layouts/application.html.erb (Duration: 12.3ms | Allocations: 6199)
Completed 200 OK in 17ms (Views: 16.6ms | Allocations: 7003)


Started POST "/test" for ::1 at 2022-09-01 15:00:13 +0700
Processing by MainController#test_post as HTML
  Parameters: {"authenticity_token"=>"[FILTERED]", "sub1"=>"salsa", "score1"=>"", "sub2"=>"asdasd", "score2"=>"", "sub3"=>"asdasd", "grade3"=>"", "commit"=>"Submit"}
Redirected to http://localhost:3000/test_post
Completed 302 Found in 2ms (Allocations: 365)


Started GET "/test_post" for ::1 at 2022-09-01 15:00:13 +0700
Processing by MainController#result as HTML
Completed 500 Internal Server Error in 8ms (Allocations: 3172)


  
NameError (undefined local variable or method `sub1' for #<MainController:0x00000000034f80>

    @s1 = sub1;
          ^^^^):
  
app/controllers/main_controller.rb:17:in `result'
Started GET "/test" for ::1 at 2022-09-01 15:02:42 +0700
Processing by MainController#test as HTML
  Rendering layout layouts/application.html.erb
  Rendering main/test.html.erb within layouts/application
  Rendered main/test.html.erb within layouts/application (Duration: 5.6ms | Allocations: 3292)
  Rendered layout layouts/application.html.erb (Duration: 18.1ms | Allocations: 17367)
Completed 200 OK in 19ms (Views: 19.1ms | Allocations: 17989)


Started POST "/test" for ::1 at 2022-09-01 15:02:47 +0700
Processing by MainController#test_post as HTML
  Parameters: {"authenticity_token"=>"[FILTERED]", "sub1"=>"sdaasd", "score1"=>"", "sub2"=>"asdsad", "score2"=>"", "sub3"=>"adsasdas", "grade3"=>"", "commit"=>"Submit"}
Redirected to http://localhost:3000/test_post
Completed 302 Found in 1ms (Allocations: 382)


Started GET "/test_post" for ::1 at 2022-09-01 15:02:47 +0700
Processing by MainController#result as HTML
Completed 500 Internal Server Error in 8ms (Allocations: 3188)


  
NameError (undefined local variable or method `sub1' for #<MainController:0x00000000038d10>

    @s1 = sub1;
          ^^^^):
  
app/controllers/main_controller.rb:17:in `result'
Started GET "/test" for ::1 at 2022-09-01 15:04:21 +0700
Processing by MainController#test as HTML
  Rendering layout layouts/application.html.erb
  Rendering main/test.html.erb within layouts/application
  Rendered main/test.html.erb within layouts/application (Duration: 4.8ms | Allocations: 3294)
  Rendered layout layouts/application.html.erb (Duration: 15.7ms | Allocations: 17327)
Completed 200 OK in 18ms (Views: 16.7ms | Allocations: 17949)


Started POST "/test" for ::1 at 2022-09-01 15:04:25 +0700
Processing by MainController#test_post as HTML
  Parameters: {"authenticity_token"=>"[FILTERED]", "sub1"=>"sadas", "score1"=>"", "sub2"=>"sadfas", "score2"=>"", "sub3"=>"asdas", "grade3"=>"", "commit"=>"Submit"}
Redirected to http://localhost:3000/test_post
Completed 302 Found in 3ms (Allocations: 400)


Started GET "/test_post" for ::1 at 2022-09-01 15:04:25 +0700
Processing by MainController#result as HTML
  Rendering layout layouts/application.html.erb
  Rendering main/test_post.html.erb within layouts/application
  Rendered main/test_post.html.erb within layouts/application (Duration: 0.7ms | Allocations: 181)
  Rendered layout layouts/application.html.erb (Duration: 7.2ms | Allocations: 2544)
Completed 200 OK in 8ms (Views: 7.9ms | Allocations: 2890)


Started POST "/test" for ::1 at 2022-09-01 15:07:52 +0700
Processing by MainController#test_post as HTML
  Parameters: {"authenticity_token"=>"[FILTERED]", "sub1"=>"sdasda", "score1"=>"1", "sub2"=>"salads", "score2"=>"", "sub3"=>"adsasdas", "grade3"=>"", "commit"=>"Submit"}
Redirected to http://localhost:3000/test_post
Completed 302 Found in 1ms (Allocations: 518)


Started GET "/test_post" for ::1 at 2022-09-01 15:07:52 +0700
Processing by MainController#result as HTML
  Rendering layout layouts/application.html.erb
  Rendering main/test_post.html.erb within layouts/application
  Rendered main/test_post.html.erb within layouts/application (Duration: 0.5ms | Allocations: 194)
  Rendered layout layouts/application.html.erb (Duration: 11.6ms | Allocations: 14575)
Completed 200 OK in 13ms (Views: 12.8ms | Allocations: 15462)


Started POST "/test" for ::1 at 2022-09-01 15:17:04 +0700
  
SyntaxError (/Users/bright/Documents/Study/3-1/Ruby/Lect04/app/controllers/main_controller.rb:26: syntax error, unexpected unary+, expecting `do' or '{' or '('
    @sum = score1 + score2 +score3;
                           ^
/Users/bright/Documents/Study/3-1/Ruby/Lect04/app/controllers/main_controller.rb:28: syntax error, unexpected '{', expecting `then' or ';' or '\n'
    if($score1 > $score2){
                         ^
/Users/bright/Documents/Study/3-1/Ruby/Lect04/app/controllers/main_controller.rb:29: syntax error, unexpected '{', expecting `then' or ';' or '\n'
      if($score1 > $score3){
                           ^
/Users/bright/Documents/Study/3-1/Ruby/Lect04/app/controllers/main_controller.rb:31: syntax error, unexpected '}', expecting `end'
      }
      ^
/Users/bright/Documents/Study/3-1/Ruby/Lect04/app/controllers/main_controller.rb:33: syntax error, unexpected '\n', expecting =>
        @max_sub = $sub3
                        ^
/Users/bright/Documents/Study/3-1/Ruby/Lect04/app/controllers/main_controller.rb:36: syntax error, unexpected '{', expecting `then' or ';' or '\n'
      if($score2 > $score3){
                           ^
/Users/bright/Documents/Study/3-1/Ruby/Lect04/app/controllers/main_controller.rb:38: syntax error, unexpected '}', expecting `end'
      }
      ^
/Users/bright/Documents/Study/3-1/Ruby/Lect04/app/controllers/main_controller.rb:40: syntax error, unexpected '\n', expecting =>
        @max_sub = $sub3
                        ^
):
  
app/controllers/main_controller.rb:26: syntax error, unexpected unary+, expecting `do' or '{' or '('
app/controllers/main_controller.rb:28: syntax error, unexpected '{', expecting `then' or ';' or '\n'
app/controllers/main_controller.rb:29: syntax error, unexpected '{', expecting `then' or ';' or '\n'
app/controllers/main_controller.rb:31: syntax error, unexpected '}', expecting `end'
app/controllers/main_controller.rb:33: syntax error, unexpected '\n', expecting =>
app/controllers/main_controller.rb:36: syntax error, unexpected '{', expecting `then' or ';' or '\n'
app/controllers/main_controller.rb:38: syntax error, unexpected '}', expecting `end'
app/controllers/main_controller.rb:40: syntax error, unexpected '\n', expecting =>
app/controllers/main_controller.rb:26: syntax error, unexpected unary+, expecting `do' or '{' or '('
app/controllers/main_controller.rb:28: syntax error, unexpected '{', expecting `then' or ';' or '\n'
app/controllers/main_controller.rb:29: syntax error, unexpected '{', expecting `then' or ';' or '\n'
app/controllers/main_controller.rb:31: syntax error, unexpected '}', expecting `end'
app/controllers/main_controller.rb:33: syntax error, unexpected '\n', expecting =>
app/controllers/main_controller.rb:36: syntax error, unexpected '{', expecting `then' or ';' or '\n'
app/controllers/main_controller.rb:38: syntax error, unexpected '}', expecting `end'
app/controllers/main_controller.rb:40: syntax error, unexpected '\n', expecting =>
app/controllers/main_controller.rb:26: syntax error, unexpected unary+, expecting `do' or '{' or '('
app/controllers/main_controller.rb:28: syntax error, unexpected '{', expecting `then' or ';' or '\n'
app/controllers/main_controller.rb:29: syntax error, unexpected '{', expecting `then' or ';' or '\n'
app/controllers/main_controller.rb:31: syntax error, unexpected '}', expecting `end'
app/controllers/main_controller.rb:33: syntax error, unexpected '\n', expecting =>
app/controllers/main_controller.rb:36: syntax error, unexpected '{', expecting `then' or ';' or '\n'
app/controllers/main_controller.rb:38: syntax error, unexpected '}', expecting `end'
app/controllers/main_controller.rb:40: syntax error, unexpected '\n', expecting =>
Started GET "/test" for ::1 at 2022-09-01 15:18:48 +0700
  
SyntaxError (/Users/bright/Documents/Study/3-1/Ruby/Lect04/app/controllers/main_controller.rb:26: syntax error, unexpected unary+, expecting `do' or '{' or '('
    @sum = score1 + score2 +score3;
                           ^
):
  
app/controllers/main_controller.rb:26: syntax error, unexpected unary+, expecting `do' or '{' or '('
app/controllers/main_controller.rb:26: syntax error, unexpected unary+, expecting `do' or '{' or '('
app/controllers/main_controller.rb:26: syntax error, unexpected unary+, expecting `do' or '{' or '('
Started GET "/test" for ::1 at 2022-09-01 15:18:59 +0700
  
SyntaxError (/Users/bright/Documents/Study/3-1/Ruby/Lect04/app/controllers/main_controller.rb:26: syntax error, unexpected unary+, expecting `do' or '{' or '('
    @sum = score1 + score2 +score3;
                           ^
):
  
app/controllers/main_controller.rb:26: syntax error, unexpected unary+, expecting `do' or '{' or '('
app/controllers/main_controller.rb:26: syntax error, unexpected unary+, expecting `do' or '{' or '('
app/controllers/main_controller.rb:26: syntax error, unexpected unary+, expecting `do' or '{' or '('
Started GET "/test" for ::1 at 2022-09-01 15:19:06 +0700
  
SyntaxError (/Users/bright/Documents/Study/3-1/Ruby/Lect04/app/controllers/main_controller.rb:26: syntax error, unexpected unary+, expecting `do' or '{' or '('
    @sum = score1 + score2 +score3;
                           ^
):
  
app/controllers/main_controller.rb:26: syntax error, unexpected unary+, expecting `do' or '{' or '('
app/controllers/main_controller.rb:26: syntax error, unexpected unary+, expecting `do' or '{' or '('
app/controllers/main_controller.rb:26: syntax error, unexpected unary+, expecting `do' or '{' or '('
Started GET "/test" for ::1 at 2022-09-01 15:19:23 +0700
  
SyntaxError (/Users/bright/Documents/Study/3-1/Ruby/Lect04/app/controllers/main_controller.rb:26: syntax error, unexpected unary+, expecting `do' or '{' or '('
    @sum = score1 + score2 +score3;
                           ^
):
  
app/controllers/main_controller.rb:26: syntax error, unexpected unary+, expecting `do' or '{' or '('
app/controllers/main_controller.rb:26: syntax error, unexpected unary+, expecting `do' or '{' or '('
app/controllers/main_controller.rb:26: syntax error, unexpected unary+, expecting `do' or '{' or '('
Started GET "/" for ::1 at 2022-09-01 15:19:55 +0700
Processing by Rails::WelcomeController#index as HTML
  Rendering /Users/bright/.rvm/gems/ruby-3.1.2/gems/railties-7.0.3.1/lib/rails/templates/rails/welcome/index.html.erb
  Rendered /Users/bright/.rvm/gems/ruby-3.1.2/gems/railties-7.0.3.1/lib/rails/templates/rails/welcome/index.html.erb (Duration: 0.9ms | Allocations: 324)
Completed 200 OK in 2ms (Views: 1.5ms | Allocations: 993)


Started GET "/test" for ::1 at 2022-09-01 15:19:59 +0700
Processing by MainController#test as HTML
  Rendering layout layouts/application.html.erb
  Rendering main/test.html.erb within layouts/application
  Rendered main/test.html.erb within layouts/application (Duration: 3.3ms | Allocations: 3589)
  Rendered layout layouts/application.html.erb (Duration: 19.8ms | Allocations: 17815)
Completed 200 OK in 23ms (Views: 22.3ms | Allocations: 18697)


Started POST "/test" for ::1 at 2022-09-01 15:20:07 +0700
Processing by MainController#test_post as HTML
  Parameters: {"authenticity_token"=>"[FILTERED]", "sub1"=>"wee", "score1"=>"1", "sub2"=>"wqeqw", "score2"=>"2", "sub3"=>"wqewqewqeqw", "grade3"=>"3", "commit"=>"Submit"}
Redirected to http://localhost:3000/test_post
Completed 302 Found in 2ms (Allocations: 394)


Started GET "/test_post" for ::1 at 2022-09-01 15:20:07 +0700
Processing by MainController#result as HTML
  Rendering layout layouts/application.html.erb
  Rendering main/test_post.html.erb within layouts/application
  Rendered main/test_post.html.erb within layouts/application (Duration: 2.1ms | Allocations: 1100)
  Rendered layout layouts/application.html.erb (Duration: 2.3ms | Allocations: 1188)
Completed 500 Internal Server Error in 4ms (Allocations: 1508)


  
ActionView::Template::Error (no implicit conversion of Float into String):
    1: <div>
    2: <%= "the sum of score is" + @sum%>
    3: </div>
    4: <div>
    5: <%= "The best sub ject is" + @max_sub%>
  
app/views/main/test_post.html.erb:2:in `+'
app/views/main/test_post.html.erb:2
app/controllers/main_controller.rb:41:in `result'
Started GET "/test_post" for ::1 at 2022-09-01 15:20:35 +0700
Processing by MainController#result as HTML
  Rendering layout layouts/application.html.erb
  Rendering main/test_post.html.erb within layouts/application
  Rendered main/test_post.html.erb within layouts/application (Duration: 1.4ms | Allocations: 201)
  Rendered layout layouts/application.html.erb (Duration: 11.6ms | Allocations: 3034)
Completed 200 OK in 24ms (Views: 22.2ms | Allocations: 3853)


Started POST "/test" for ::1 at 2022-09-01 15:21:04 +0700
Processing by MainController#test_post as HTML
  Parameters: {"authenticity_token"=>"[FILTERED]", "sub1"=>"ruby", "score1"=>"3", "sub2"=>"cem", "score2"=>"2", "sub3"=>"data", "grade3"=>"1", "commit"=>"Submit"}
Redirected to http://localhost:3000/test_post
Completed 302 Found in 3ms (Allocations: 375)


Started GET "/test_post" for ::1 at 2022-09-01 15:21:04 +0700
Processing by MainController#result as HTML
  Rendering layout layouts/application.html.erb
  Rendering main/test_post.html.erb within layouts/application
  Rendered main/test_post.html.erb within layouts/application (Duration: 0.1ms | Allocations: 26)
  Rendered layout layouts/application.html.erb (Duration: 6.3ms | Allocations: 2395)
Completed 200 OK in 8ms (Views: 7.0ms | Allocations: 2671)


Started GET "/test_post" for ::1 at 2022-09-01 15:21:26 +0700
Processing by MainController#result as HTML
  Rendering layout layouts/application.html.erb
  Rendering main/test_post.html.erb within layouts/application
  Rendered main/test_post.html.erb within layouts/application (Duration: 1.0ms | Allocations: 206)
  Rendered layout layouts/application.html.erb (Duration: 9.5ms | Allocations: 3049)
Completed 200 OK in 15ms (Views: 14.1ms | Allocations: 3869)


Started POST "/test" for ::1 at 2022-09-01 15:21:34 +0700
Processing by MainController#test_post as HTML
  Parameters: {"authenticity_token"=>"[FILTERED]", "sub1"=>"ruby", "score1"=>"3", "sub2"=>"cem", "score2"=>"10", "sub3"=>"data", "grade3"=>"1", "commit"=>"Submit"}
Redirected to http://localhost:3000/test_post
Completed 302 Found in 2ms (Allocations: 384)


Started GET "/test_post" for ::1 at 2022-09-01 15:21:34 +0700
Processing by MainController#result as HTML
  Rendering layout layouts/application.html.erb
  Rendering main/test_post.html.erb within layouts/application
  Rendered main/test_post.html.erb within layouts/application (Duration: 0.1ms | Allocations: 27)
  Rendered layout layouts/application.html.erb (Duration: 4.9ms | Allocations: 2388)
Completed 200 OK in 7ms (Views: 5.8ms | Allocations: 2664)


Started GET "/main/test" for ::1 at 2022-09-01 15:22:51 +0700
Processing by MainController#test as HTML
  Rendering layout layouts/application.html.erb
  Rendering main/test.html.erb within layouts/application
  Rendered main/test.html.erb within layouts/application (Duration: 1.5ms | Allocations: 3589)
  Rendered layout layouts/application.html.erb (Duration: 13.5ms | Allocations: 17607)
Completed 200 OK in 15ms (Views: 14.1ms | Allocations: 18324)


Started GET "/main/test" for ::1 at 2022-09-01 15:25:38 +0700
Processing by MainController#test as HTML
  Rendering layout layouts/application.html.erb
  Rendering main/test.html.erb within layouts/application
  Rendered main/test.html.erb within layouts/application (Duration: 7.3ms | Allocations: 2717)
  Rendered layout layouts/application.html.erb (Duration: 7.8ms | Allocations: 2811)
Completed 500 Internal Server Error in 13ms (Allocations: 3641)


  
ActionView::Template::Error (undefined method `text_feild' for #<ActionView::Helpers::FormBuilder:0x000000010bcde270 @nested_child_index={}, @options={:allow_method_names_outside_object=>true, :skip_default_ids=>false, :method=>:post, :data=>{:turbo=>false}}, @template=#<ActionView::Base:0x000000000505a0>, @object=nil, @object_name=nil, @default_options={:skip_default_ids=>false, :allow_method_names_outside_object=>true}, @default_html_options={}, @multipart=nil, @index=nil>

     '.freeze;@output_buffer.append=( form.text_feild :sub1 );@output_buffer.safe_append='           
                                          ^^^^^^^^^^^
Did you mean?  text_field):
    1: 
    2: <%= form_with url: "/test", method: :post, data:{turbo: false}    do |form| %>
    3:   <div>
    4:      <%= form.text_feild :sub1 %>           
    5:      <%= form.text_field :score1 %>
    6:   </div>
    7:   <div>
  
app/views/main/test.html.erb:4
app/views/main/test.html.erb:2
app/controllers/main_controller.rb:9:in `test'
Started GET "/main/test" for ::1 at 2022-09-01 15:26:08 +0700
Processing by MainController#test as HTML
  Rendering layout layouts/application.html.erb
  Rendering main/test.html.erb within layouts/application
  Rendered main/test.html.erb within layouts/application (Duration: 6.7ms | Allocations: 2715)
  Rendered layout layouts/application.html.erb (Duration: 7.1ms | Allocations: 2809)
Completed 500 Internal Server Error in 12ms (Allocations: 3632)


  
ActionView::Template::Error (undefined method `text_feild' for #<ActionView::Helpers::FormBuilder:0x000000010a16c6b8 @nested_child_index={}, @options={:allow_method_names_outside_object=>true, :skip_default_ids=>false, :method=>:post, :data=>{:turbo=>false}}, @template=#<ActionView::Base:0x000000000508c0>, @object=nil, @object_name=nil, @default_options={:skip_default_ids=>false, :allow_method_names_outside_object=>true}, @default_html_options={}, @multipart=nil, @index=nil>

     '.freeze;@output_buffer.append=( form.text_feild :sub1 );@output_buffer.safe_append='           
                                          ^^^^^^^^^^^
Did you mean?  text_field):
    1: 
    2: <%= form_with url: "/test", method: :post, data:{turbo: false}    do |form| %>
    3:   <div>
    4:      <%= form.text_feild :sub1 %>           
    5:      <%= form.text_feild :score1 %>
    6:   </div>
    7:   <div>
  
app/views/main/test.html.erb:4
app/views/main/test.html.erb:2
app/controllers/main_controller.rb:9:in `test'
Started GET "/main/test" for ::1 at 2022-09-01 15:26:45 +0700
Processing by MainController#test as HTML
  Rendering layout layouts/application.html.erb
  Rendering main/test.html.erb within layouts/application
  Rendered main/test.html.erb within layouts/application (Duration: 11.1ms | Allocations: 5337)
  Rendered layout layouts/application.html.erb (Duration: 11.4ms | Allocations: 5431)
Completed 500 Internal Server Error in 16ms (Allocations: 6254)


  
ActionView::Template::Error (undefined method `ttext_field' for #<ActionView::Helpers::FormBuilder:0x000000010be27668 @nested_child_index={}, @options={:allow_method_names_outside_object=>true, :skip_default_ids=>false, :method=>:post, :data=>{:turbo=>false}}, @template=#<ActionView::Base:0x00000000050be0>, @object=nil, @object_name=nil, @default_options={:skip_default_ids=>false, :allow_method_names_outside_object=>true}, @default_html_options={}, @multipart=nil, @index=nil>

'.freeze;@output_buffer.safe_append='     '.freeze;@output_buffer.append=( form.ttext_field :grade3 );@output_buffer.safe_append='
                                                                               ^^^^^^^^^^^^
Did you mean?  text_field):
    10:   </div>
    11:   <div>
    12:      <%= form.text_field :sub3 %>           
    13:      <%= form.ttext_field :grade3 %>
    14:   </div>
    15:   <%= form.submit "Submit" %>
    16: <% end %>
  
app/views/main/test.html.erb:13
app/views/main/test.html.erb:2
app/controllers/main_controller.rb:9:in `test'
Started GET "/main/test" for ::1 at 2022-09-01 15:26:54 +0700
Processing by MainController#test as HTML
  Rendering layout layouts/application.html.erb
  Rendering main/test.html.erb within layouts/application
  Rendered main/test.html.erb within layouts/application (Duration: 9.4ms | Allocations: 3651)
  Rendered layout layouts/application.html.erb (Duration: 15.6ms | Allocations: 6247)
Completed 200 OK in 21ms (Views: 20.1ms | Allocations: 7100)


Started GET "/main/test" for ::1 at 2022-09-01 15:27:35 +0700
Processing by MainController#test as HTML
  Rendering layout layouts/application.html.erb
  Rendering main/test.html.erb within layouts/application
  Rendered main/test.html.erb within layouts/application (Duration: 4.7ms | Allocations: 3652)
  Rendered layout layouts/application.html.erb (Duration: 13.0ms | Allocations: 6231)
Completed 200 OK in 18ms (Views: 17.5ms | Allocations: 7084)


Started GET "/main/test" for ::1 at 2022-09-01 15:38:29 +0700
Processing by MainController#test as HTML
  Rendering layout layouts/application.html.erb
  Rendering main/test.html.erb within layouts/application
  Rendered main/test.html.erb within layouts/application (Duration: 7.4ms | Allocations: 3669)
  Rendered layout layouts/application.html.erb (Duration: 13.6ms | Allocations: 6248)
Completed 200 OK in 21ms (Views: 19.6ms | Allocations: 7101)


Started GET "/" for ::1 at 2022-09-01 15:41:59 +0700
Processing by Rails::WelcomeController#index as HTML
  Rendering /Users/bright/.rvm/gems/ruby-3.1.2/gems/railties-7.0.3.1/lib/rails/templates/rails/welcome/index.html.erb
  Rendered /Users/bright/.rvm/gems/ruby-3.1.2/gems/railties-7.0.3.1/lib/rails/templates/rails/welcome/index.html.erb (Duration: 1.4ms | Allocations: 323)
Completed 200 OK in 5ms (Views: 3.6ms | Allocations: 992)


Started GET "/" for ::1 at 2022-09-01 15:42:02 +0700
Processing by Rails::WelcomeController#index as HTML
  Rendering /Users/bright/.rvm/gems/ruby-3.1.2/gems/railties-7.0.3.1/lib/rails/templates/rails/welcome/index.html.erb
  Rendered /Users/bright/.rvm/gems/ruby-3.1.2/gems/railties-7.0.3.1/lib/rails/templates/rails/welcome/index.html.erb (Duration: 0.1ms | Allocations: 26)
Completed 200 OK in 1ms (Views: 0.6ms | Allocations: 263)


Started GET "/main/test" for ::1 at 2022-09-01 15:42:03 +0700
Processing by MainController#test as HTML
  Rendering layout layouts/application.html.erb
  Rendering main/test.html.erb within layouts/application
  Rendered main/test.html.erb within layouts/application (Duration: 5.1ms | Allocations: 4553)
  Rendered layout layouts/application.html.erb (Duration: 13.8ms | Allocations: 7129)
Completed 200 OK in 18ms (Views: 17.6ms | Allocations: 7899)


Started GET "/main/test" for ::1 at 2022-09-01 15:42:04 +0700
Processing by MainController#test as HTML
  Rendering layout layouts/application.html.erb
  Rendering main/test.html.erb within layouts/application
  Rendered main/test.html.erb within layouts/application (Duration: 4.6ms | Allocations: 4077)
  Rendered layout layouts/application.html.erb (Duration: 10.9ms | Allocations: 6276)
Completed 200 OK in 13ms (Views: 11.8ms | Allocations: 6545)


Started GET "/main/test" for ::1 at 2022-09-01 15:43:05 +0700
Processing by MainController#test as HTML
  Rendering layout layouts/application.html.erb
  Rendering main/test.html.erb within layouts/application
  Rendered main/test.html.erb within layouts/application (Duration: 6.3ms | Allocations: 4579)
  Rendered layout layouts/application.html.erb (Duration: 12.8ms | Allocations: 7155)
Completed 200 OK in 18ms (Views: 16.5ms | Allocations: 7988)


Started GET "/main/test" for ::1 at 2022-09-01 15:43:21 +0700
Processing by MainController#test as HTML
  Rendering layout layouts/application.html.erb
  Rendering main/test.html.erb within layouts/application
  Rendered main/test.html.erb within layouts/application (Duration: 6.8ms | Allocations: 4554)
  Rendered layout layouts/application.html.erb (Duration: 14.0ms | Allocations: 7130)
Completed 200 OK in 20ms (Views: 19.0ms | Allocations: 7983)


Started GET "/main/test" for ::1 at 2022-09-01 15:43:27 +0700
Processing by MainController#test as HTML
  Rendering layout layouts/application.html.erb
  Rendering main/test.html.erb within layouts/application
  Rendered main/test.html.erb within layouts/application (Duration: 6.5ms | Allocations: 4572)
  Rendered layout layouts/application.html.erb (Duration: 12.0ms | Allocations: 7148)
Completed 200 OK in 17ms (Views: 15.5ms | Allocations: 8001)


Started GET "/main/test" for ::1 at 2022-09-01 15:43:33 +0700
Processing by MainController#test as HTML
  Rendering layout layouts/application.html.erb
  Rendering main/test.html.erb within layouts/application
  Rendered main/test.html.erb within layouts/application (Duration: 5.4ms | Allocations: 4563)
  Rendered layout layouts/application.html.erb (Duration: 11.9ms | Allocations: 7139)
Completed 200 OK in 16ms (Views: 14.8ms | Allocations: 7992)


Started GET "/main/test" for ::1 at 2022-09-01 15:43:38 +0700
Processing by MainController#test as HTML
  Rendering layout layouts/application.html.erb
  Rendering main/test.html.erb within layouts/application
  Rendered main/test.html.erb within layouts/application (Duration: 6.8ms | Allocations: 4578)
  Rendered layout layouts/application.html.erb (Duration: 11.9ms | Allocations: 7154)
Completed 200 OK in 17ms (Views: 15.2ms | Allocations: 8007)


Started POST "/test" for ::1 at 2022-09-01 15:45:11 +0700
Processing by MainController#test_post as HTML
  Parameters: {"authenticity_token"=>"[FILTERED]", "sub1"=>"cem", "score1"=>"1", "sub2"=>"data", "score2"=>"2", "sub3"=>"ruby", "grade3"=>"3", "commit"=>"Submit"}
Redirected to http://localhost:3000/test_post
Completed 302 Found in 2ms (Allocations: 402)


Started GET "/test_post" for ::1 at 2022-09-01 15:45:11 +0700
Processing by MainController#result as HTML
  Rendering layout layouts/application.html.erb
  Rendering main/test_post.html.erb within layouts/application
  Rendered main/test_post.html.erb within layouts/application (Duration: 1.1ms | Allocations: 169)
  Rendered layout layouts/application.html.erb (Duration: 5.6ms | Allocations: 2530)
Completed 200 OK in 7ms (Views: 6.8ms | Allocations: 2859)


Started POST "/test" for ::1 at 2022-09-01 15:46:19 +0700
Processing by MainController#test_post as HTML
  Parameters: {"authenticity_token"=>"[FILTERED]", "sub1"=>"cem", "score1"=>"1", "sub2"=>"data", "score2"=>"2", "sub3"=>"ruby", "grade3"=>"3", "commit"=>"Submit"}
Redirected to http://localhost:3000/test_post
Completed 302 Found in 2ms (Allocations: 338)


Started GET "/test_post" for ::1 at 2022-09-01 15:46:19 +0700
Processing by MainController#result as HTML
  Rendering layout layouts/application.html.erb
  Rendering main/test_post.html.erb within layouts/application
  Rendered main/test_post.html.erb within layouts/application (Duration: 0.1ms | Allocations: 26)
  Rendered layout layouts/application.html.erb (Duration: 4.8ms | Allocations: 2387)
Completed 200 OK in 6ms (Views: 5.3ms | Allocations: 2647)


Started POST "/test" for ::1 at 2022-09-01 15:46:52 +0700
Processing by MainController#test_post as HTML
  Parameters: {"authenticity_token"=>"[FILTERED]", "sub1"=>"cem", "score1"=>"1", "sub2"=>"data", "score2"=>"2", "sub3"=>"ruby", "grade3"=>"3", "commit"=>"Submit"}
Redirected to http://localhost:3000/test_post
Completed 302 Found in 2ms (Allocations: 347)


Started GET "/test_post" for ::1 at 2022-09-01 15:46:52 +0700
Processing by MainController#result as HTML
  Rendering layout layouts/application.html.erb
  Rendering main/test_post.html.erb within layouts/application
  Rendered main/test_post.html.erb within layouts/application (Duration: 0.1ms | Allocations: 26)
  Rendered layout layouts/application.html.erb (Duration: 4.3ms | Allocations: 2381)
Completed 200 OK in 5ms (Views: 4.9ms | Allocations: 2641)


Started POST "/test" for ::1 at 2022-09-01 15:49:19 +0700
Processing by MainController#test_post as HTML
  Parameters: {"authenticity_token"=>"[FILTERED]", "sub1"=>"cem", "score1"=>"1", "sub2"=>"data", "score2"=>"2", "sub3"=>"ruby", "grade3"=>"3", "commit"=>"Submit"}
Redirected to http://localhost:3000/test_post
Completed 302 Found in 2ms (Allocations: 344)


Started GET "/test_post" for ::1 at 2022-09-01 15:49:19 +0700
Processing by MainController#result as HTML
  Rendering layout layouts/application.html.erb
  Rendering main/test_post.html.erb within layouts/application
  Rendered main/test_post.html.erb within layouts/application (Duration: 0.1ms | Allocations: 26)
  Rendered layout layouts/application.html.erb (Duration: 4.9ms | Allocations: 2399)
Completed 200 OK in 7ms (Views: 6.3ms | Allocations: 2659)


Started GET "/main/test" for ::1 at 2022-09-01 15:49:47 +0700
Processing by MainController#test as HTML
  Rendering layout layouts/application.html.erb
  Rendering main/test.html.erb within layouts/application
  Rendered main/test.html.erb within layouts/application (Duration: 1.0ms | Allocations: 4207)
  Rendered layout layouts/application.html.erb (Duration: 8.1ms | Allocations: 18239)
Completed 200 OK in 9ms (Views: 8.6ms | Allocations: 18861)


Started POST "/test" for ::1 at 2022-09-01 15:50:05 +0700
Processing by MainController#test_post as HTML
  Parameters: {"authenticity_token"=>"[FILTERED]", "sub1"=>"cem", "score1"=>"1", "sub2"=>"data", "score2"=>"2", "sub3"=>"ruby", "grade3"=>"3", "commit"=>"Submit"}
Redirected to http://localhost:3000/test_post
Completed 302 Found in 2ms (Allocations: 402)


Started GET "/test_post" for ::1 at 2022-09-01 15:50:05 +0700
Processing by MainController#result as HTML
  Rendering layout layouts/application.html.erb
  Rendering main/test_post.html.erb within layouts/application
  Rendered main/test_post.html.erb within layouts/application (Duration: 0.1ms | Allocations: 28)
  Rendered layout layouts/application.html.erb (Duration: 4.2ms | Allocations: 2386)
Completed 200 OK in 7ms (Views: 5.0ms | Allocations: 2661)


Started POST "/test" for ::1 at 2022-09-01 15:50:35 +0700
Processing by MainController#test_post as HTML
  Parameters: {"authenticity_token"=>"[FILTERED]", "sub1"=>"cem", "score1"=>"1", "sub2"=>"data", "score2"=>"2", "sub3"=>"ruby", "grade3"=>"3", "commit"=>"Submit"}
Redirected to http://localhost:3000/test_post
Completed 302 Found in 2ms (Allocations: 341)


Started GET "/test_post" for ::1 at 2022-09-01 15:50:35 +0700
Processing by MainController#result as HTML
  Rendering layout layouts/application.html.erb
  Rendering main/test_post.html.erb within layouts/application
  Rendered main/test_post.html.erb within layouts/application (Duration: 1.1ms | Allocations: 1130)
  Rendered layout layouts/application.html.erb (Duration: 1.2ms | Allocations: 1224)
Completed 500 Internal Server Error in 3ms (Allocations: 2022)


  
ActionView::Template::Error (no implicit conversion of nil into String):
    2: <%= "the sum of score is " + @sum.to_s%>
    3: </div>
    4: <div>
    5: <%= "The best subject is " + @max_subx%>
    6: </div>
  
app/views/main/test_post.html.erb:5:in `+'
app/views/main/test_post.html.erb:5
app/controllers/main_controller.rb:41:in `result'
Started GET "/test_post" for ::1 at 2022-09-01 15:50:41 +0700
Processing by MainController#result as HTML
  Rendering layout layouts/application.html.erb
  Rendering main/test_post.html.erb within layouts/application
  Rendered main/test_post.html.erb within layouts/application (Duration: 0.8ms | Allocations: 201)
  Rendered layout layouts/application.html.erb (Duration: 10.7ms | Allocations: 3040)
Completed 200 OK in 16ms (Views: 15.4ms | Allocations: 3879)


Started POST "/test" for ::1 at 2022-09-01 15:51:11 +0700
Processing by MainController#test_post as HTML
  Parameters: {"authenticity_token"=>"[FILTERED]", "sub1"=>"cem", "score1"=>"1", "sub2"=>"data", "score2"=>"2", "sub3"=>"ruby", "grade3"=>"3", "commit"=>"Submit"}
Redirected to http://localhost:3000/test_post
Completed 302 Found in 3ms (Allocations: 396)


Started GET "/test_post" for ::1 at 2022-09-01 15:51:11 +0700
Processing by MainController#result as HTML
  Rendering layout layouts/application.html.erb
  Rendering main/test_post.html.erb within layouts/application
  Rendered main/test_post.html.erb within layouts/application (Duration: 0.1ms | Allocations: 26)
  Rendered layout layouts/application.html.erb (Duration: 4.6ms | Allocations: 2378)
Completed 200 OK in 6ms (Views: 5.1ms | Allocations: 2654)


Started POST "/test" for ::1 at 2022-09-01 15:52:19 +0700
Processing by MainController#test_post as HTML
  Parameters: {"authenticity_token"=>"[FILTERED]", "sub1"=>"cem", "score1"=>"1", "sub2"=>"data", "score2"=>"2", "sub3"=>"ruby", "grade3"=>"3", "commit"=>"Submit"}
Redirected to http://localhost:3000/test_post
Completed 302 Found in 1ms (Allocations: 521)


Started GET "/test_post" for ::1 at 2022-09-01 15:52:19 +0700
Processing by MainController#result as HTML
  Rendering layout layouts/application.html.erb
  Rendering main/test_post.html.erb within layouts/application
  Rendered main/test_post.html.erb within layouts/application (Duration: 0.0ms | Allocations: 35)
  Rendered layout layouts/application.html.erb (Duration: 6.9ms | Allocations: 14311)
Completed 200 OK in 8ms (Views: 7.6ms | Allocations: 14891)


Started POST "/test" for ::1 at 2022-09-01 15:52:35 +0700
Processing by MainController#test_post as HTML
  Parameters: {"authenticity_token"=>"[FILTERED]", "sub1"=>"cem", "score1"=>"3", "sub2"=>"data", "score2"=>"2", "sub3"=>"ruby", "grade3"=>"1", "commit"=>"Submit"}
Redirected to http://localhost:3000/test_post
Completed 302 Found in 2ms (Allocations: 375)


Started GET "/test_post" for ::1 at 2022-09-01 15:52:35 +0700
Processing by MainController#result as HTML
  Rendering layout layouts/application.html.erb
  Rendering main/test_post.html.erb within layouts/application
  Rendered main/test_post.html.erb within layouts/application (Duration: 0.1ms | Allocations: 25)
  Rendered layout layouts/application.html.erb (Duration: 3.1ms | Allocations: 2404)
Completed 200 OK in 4ms (Views: 3.7ms | Allocations: 2679)


Started POST "/test" for ::1 at 2022-09-01 15:52:39 +0700
Processing by MainController#test_post as HTML
  Parameters: {"authenticity_token"=>"[FILTERED]", "sub1"=>"cem", "score1"=>"3", "sub2"=>"data", "score2"=>"2", "sub3"=>"ruby", "grade3"=>"4", "commit"=>"Submit"}
Redirected to http://localhost:3000/test_post
Completed 302 Found in 2ms (Allocations: 338)


Started GET "/test_post" for ::1 at 2022-09-01 15:52:39 +0700
Processing by MainController#result as HTML
  Rendering layout layouts/application.html.erb
  Rendering main/test_post.html.erb within layouts/application
  Rendered main/test_post.html.erb within layouts/application (Duration: 0.1ms | Allocations: 25)
  Rendered layout layouts/application.html.erb (Duration: 5.4ms | Allocations: 2395)
Completed 200 OK in 8ms (Views: 6.5ms | Allocations: 2655)


Started GET "/main/test" for ::1 at 2022-09-01 15:53:10 +0700
Processing by MainController#test as HTML
  Rendering layout layouts/application.html.erb
  Rendering main/test.html.erb within layouts/application
  Rendered main/test.html.erb within layouts/application (Duration: 5.5ms | Allocations: 4555)
  Rendered layout layouts/application.html.erb (Duration: 10.7ms | Allocations: 7131)
Completed 200 OK in 14ms (Views: 13.6ms | Allocations: 7964)


Started POST "/test" for ::1 at 2022-09-01 15:53:21 +0700
Processing by MainController#test_post as HTML
  Parameters: {"authenticity_token"=>"[FILTERED]", "sub1"=>"cem", "score1"=>"1", "sub2"=>"data", "score2"=>"2", "sub3"=>"ruby", "score3"=>"3", "commit"=>"Submit"}
Redirected to http://localhost:3000/test_post
Completed 302 Found in 3ms (Allocations: 374)


Started GET "/test_post" for ::1 at 2022-09-01 15:53:21 +0700
Processing by MainController#result as HTML
  Rendering layout layouts/application.html.erb
  Rendering main/test_post.html.erb within layouts/application
  Rendered main/test_post.html.erb within layouts/application (Duration: 3.0ms | Allocations: 169)
  Rendered layout layouts/application.html.erb (Duration: 7.4ms | Allocations: 2536)
Completed 200 OK in 9ms (Views: 8.6ms | Allocations: 2865)


